[debug] [2017-12-12T04:37:41.231Z] ----------------------------------------------------------------------
[debug] [2017-12-12T04:37:41.233Z] Command:      /usr/local/bin/node /usr/local/bin/firebase deploy
[debug] [2017-12-12T04:37:41.234Z] CLI Version:  3.9.1
[debug] [2017-12-12T04:37:41.234Z] Platform:     darwin
[debug] [2017-12-12T04:37:41.234Z] Node Version: v6.9.1
[debug] [2017-12-12T04:37:41.235Z] Time:         Tue Dec 12 2017 12:37:41 GMT+0800 (HKT)
[debug] [2017-12-12T04:37:41.235Z] ----------------------------------------------------------------------
[debug] 
[debug] [2017-12-12T04:37:41.254Z] > command requires scopes: ["email","openid","https://www.googleapis.com/auth/cloudplatformprojects.readonly","https://www.googleapis.com/auth/firebase","https://www.googleapis.com/auth/cloud-platform"]
[debug] [2017-12-12T04:37:41.254Z] > authorizing via signed-in user
[debug] [2017-12-12T04:37:41.256Z] >>> HTTP REQUEST GET https://admin.firebase.com/v1/projects/maydaisy-platform  
 Tue Dec 12 2017 12:37:41 GMT+0800 (HKT)
[debug] [2017-12-12T04:37:54.738Z] <<< HTTP RESPONSE 200
[debug] [2017-12-12T04:37:54.740Z] >>> HTTP REQUEST GET https://admin.firebase.com/v1/database/maydaisy-platform/tokens  
 Tue Dec 12 2017 12:37:54 GMT+0800 (HKT)
[debug] [2017-12-12T04:37:55.736Z] <<< HTTP RESPONSE 200
[info] 
[info] === Deploying to 'maydaisy-platform'...
[info] 
[info] i  deploying database, functions, hosting
[info] ✔  database: rules ready to deploy.
[debug] [2017-12-12T04:37:58.354Z] > [functions] package.json contents: {
  "name": "functions",
  "description": "Cloud Functions for Firebase",
  "dependencies": {
    "firebase-admin": "~4.2.1",
    "firebase-functions": "^0.5.7",
    "nodemailer": "^4.4.0"
  },
  "private": true
}
[info] i  functions: ensuring necessary APIs are enabled...
[info] i  runtimeconfig: ensuring necessary APIs are enabled...
[debug] [2017-12-12T04:37:58.356Z] >>> HTTP REQUEST GET https://servicemanagement.googleapis.com/v1/services/cloudfunctions.googleapis.com/projectSettings/maydaisy-platform?view=CONSUMER_VIEW  
 Tue Dec 12 2017 12:37:58 GMT+0800 (HKT)
[debug] [2017-12-12T04:37:58.357Z] >>> HTTP REQUEST GET https://servicemanagement.googleapis.com/v1/services/runtimeconfig.googleapis.com/projectSettings/maydaisy-platform?view=CONSUMER_VIEW  
 Tue Dec 12 2017 12:37:58 GMT+0800 (HKT)
[debug] [2017-12-12T04:38:01.632Z] <<< HTTP RESPONSE 200
[info] ✔  runtimeconfig: all necessary APIs are enabled
[debug] [2017-12-12T04:38:02.289Z] <<< HTTP RESPONSE 200
[info] ✔  functions: all necessary APIs are enabled
[debug] [2017-12-12T04:38:02.292Z] >>> HTTP REQUEST GET https://appengine.googleapis.com/v1/apps/maydaisy-platform  
 Tue Dec 12 2017 12:38:02 GMT+0800 (HKT)
[debug] [2017-12-12T04:38:02.293Z] >>> HTTP REQUEST GET https://apikeys.googleapis.com/v1/projects/maydaisy-platform/apiKeys  
 Tue Dec 12 2017 12:38:02 GMT+0800 (HKT)
[debug] [2017-12-12T04:38:07.993Z] <<< HTTP RESPONSE 200
[debug] [2017-12-12T04:38:09.955Z] <<< HTTP RESPONSE 200
[info] i  functions: preparing functions directory for uploading...
[debug] [2017-12-12T04:38:13.451Z] >>> HTTP REQUEST GET https://runtimeconfig.googleapis.com/v1beta1/projects/maydaisy-platform/configs  
 Tue Dec 12 2017 12:38:13 GMT+0800 (HKT)
[debug] [2017-12-12T04:38:19.339Z] <<< HTTP RESPONSE 200
[debug] [2017-12-12T04:38:19.341Z] >>> HTTP REQUEST GET https://runtimeconfig.googleapis.com/v1beta1/projects/maydaisy-platform/configs/gmail/variables  
 Tue Dec 12 2017 12:38:19 GMT+0800 (HKT)
[debug] [2017-12-12T04:38:19.646Z] <<< HTTP RESPONSE 200
[debug] [2017-12-12T04:38:19.647Z] >>> HTTP REQUEST GET https://runtimeconfig.googleapis.com/v1beta1/projects/maydaisy-platform/configs/gmail/variables/email  
 Tue Dec 12 2017 12:38:19 GMT+0800 (HKT)
[debug] [2017-12-12T04:38:19.648Z] >>> HTTP REQUEST GET https://runtimeconfig.googleapis.com/v1beta1/projects/maydaisy-platform/configs/gmail/variables/password  
 Tue Dec 12 2017 12:38:19 GMT+0800 (HKT)
[debug] [2017-12-12T04:38:20.061Z] <<< HTTP RESPONSE 200
[debug] [2017-12-12T04:38:22.314Z] <<< HTTP RESPONSE 200
[info] i  functions: packaged functions (8.4 KB) for uploading
[debug] [2017-12-12T04:38:23.478Z] >>> HTTP REQUEST GET https://www.googleapis.com/storage/v1/b/staging.maydaisy-platform.appspot.com  
 Tue Dec 12 2017 12:38:23 GMT+0800 (HKT)
[debug] [2017-12-12T04:38:26.173Z] <<< HTTP RESPONSE 200
[debug] [2017-12-12T04:38:26.175Z] >>> HTTP REQUEST POST https://www.googleapis.com/upload/storage/v1/b/staging.maydaisy-platform.appspot.com/o?uploadType=media&name=firebase-functions-source ReadStream {
  _readableState: 
   ReadableState {
     objectMode: false,
     highWaterMark: 65536,
     buffer: BufferList { head: [Object], tail: [Object], length: 1 },
     length: 8599,
     pipes: null,
     pipesCount: 0,
     flowing: null,
     ended: true,
     endEmitted: false,
     reading: false,
     sync: false,
     needReadable: false,
     emittedReadable: true,
     readableListening: false,
     resumeScheduled: false,
     defaultEncoding: 'utf8',
     ranOut: false,
     awaitDrain: 0,
     readingMore: false,
     decoder: null,
     encoding: null },
  readable: true,
  domain: null,
  _events: { end: [Function] },
  _eventsCount: 1,
  _maxListeners: undefined,
  path: '/var/folders/nd/7tx4sd993x994v5l7_6dwntw0000gn/T/firebase-functions-923290OYR84RFO7DW.zip',
  fd: 18,
  flags: 'r',
  mode: 438,
  start: undefined,
  end: undefined,
  autoClose: true,
  pos: undefined,
  bytesRead: 8599 } 
 Tue Dec 12 2017 12:38:26 GMT+0800 (HKT)
[debug] [2017-12-12T04:38:42.480Z] <<< HTTP RESPONSE 200
[info] ✔  functions: functions folder uploaded successfully
[info] i  hosting: preparing build directory for upload...
[debug] [2017-12-12T04:38:43.882Z] >>> HTTP REQUEST PUT https://deploy.firebase.com/v1/hosting/maydaisy-platform/uploads/-L080-eOIGKzEkTqln9j?fileCount=9&message=  
 Tue Dec 12 2017 12:38:43 GMT+0800 (HKT)
[debug] [2017-12-12T04:40:21.397Z] Error: socket hang up
[error] 
[error] Error: Server Error. socket hang up
[debug] [2017-12-12T04:48:42.436Z] ----------------------------------------------------------------------
[debug] [2017-12-12T04:48:42.439Z] Command:      /usr/local/bin/node /usr/local/bin/firebase deploy
[debug] [2017-12-12T04:48:42.439Z] CLI Version:  3.9.1
[debug] [2017-12-12T04:48:42.439Z] Platform:     darwin
[debug] [2017-12-12T04:48:42.439Z] Node Version: v6.9.1
[debug] [2017-12-12T04:48:42.440Z] Time:         Tue Dec 12 2017 12:48:42 GMT+0800 (HKT)
[debug] [2017-12-12T04:48:42.440Z] ----------------------------------------------------------------------
[debug] 
[debug] [2017-12-12T04:48:42.458Z] > command requires scopes: ["email","openid","https://www.googleapis.com/auth/cloudplatformprojects.readonly","https://www.googleapis.com/auth/firebase","https://www.googleapis.com/auth/cloud-platform"]
[debug] [2017-12-12T04:48:42.459Z] > authorizing via signed-in user
[debug] [2017-12-12T04:48:42.461Z] >>> HTTP REQUEST GET https://admin.firebase.com/v1/projects/maydaisy-platform  
 Tue Dec 12 2017 12:48:42 GMT+0800 (HKT)
[debug] [2017-12-12T04:49:48.749Z] Error: socket hang up
[error] 
[error] Error: Server Error. socket hang up
